HTTP/1.1 401 Unauthorized
Server: GitHub.com
Date: Mon, 20 Nov 2023 19:13:48 GMT
Content-Type: application/json; charset=utf-8
Content-Length: 157
X-GitHub-Media-Type: github.v3; format=json
x-github-api-version-selected: 2022-11-28
X-RateLimit-Limit: 60
X-RateLimit-Remaining: 53
X-RateLimit-Reset: 1700510855
X-RateLimit-Used: 7
X-RateLimit-Resource: core
Access-Control-Expose-Headers: ETag, Link, Location, Retry-After, X-GitHub-OTP, X-RateLimit-Limit, X-RateLimit-Remaining, X-RateLimit-Used, X-RateLimit-Resource, X-RateLimit-Reset, X-OAuth-Scopes, X-Accepted-OAuth-Scopes, X-Poll-Interval, X-GitHub-Media-Type, X-GitHub-SSO, X-GitHub-Request-Id, Deprecation, Sunset
Access-Control-Allow-Origin: *
Strict-Transport-Security: max-age=31536000; includeSubdomains; preload
X-Frame-Options: deny
X-Content-Type-Options: nosniff
X-XSS-Protection: 0
Referrer-Policy: origin-when-cross-origin, strict-origin-when-cross-origin
Content-Security-Policy: default-src 'none'
Vary: Accept-Encoding, Accept, X-Requested-With
X-GitHub-Request-Id: C697:B633B:ACBBC:C1BA9:655BAFEC

{
  "message": "Requires authentication",
  "documentation_url": "https://docs.github.com/rest/repos/repos#create-a-repository-for-the-authenticated-user"
}
